/bin/sh: sox: command not found
SoX could not be found!

    If you do not have SoX, proceed here:
     - - - http://sox.sourceforge.net/ - - -

    If you do (or think that you should) have SoX, double-check your
    path variables.
    
Generating GeMAPS feature for BPC. This will take quite a period of time.
Finished: 0/1440
Finished: 10/1440
Finished: 20/1440
Finished: 30/1440
Finished: 40/1440
Finished: 50/1440
Finished: 60/1440
Finished: 70/1440
Finished: 80/1440
Finished: 90/1440
Finished: 100/1440
Finished: 110/1440
Finished: 120/1440
Finished: 130/1440
Finished: 140/1440
Finished: 150/1440
Finished: 160/1440
Finished: 170/1440
Finished: 180/1440
Finished: 190/1440
Finished: 200/1440
Finished: 210/1440
Finished: 220/1440
Finished: 230/1440
Finished: 240/1440
Finished: 250/1440
Finished: 260/1440
Finished: 270/1440
Finished: 280/1440
Finished: 290/1440
Finished: 300/1440
Finished: 310/1440
Finished: 320/1440
Finished: 330/1440
Finished: 340/1440
Finished: 350/1440
Finished: 360/1440
Finished: 370/1440
Finished: 380/1440
Finished: 390/1440
Finished: 400/1440
Finished: 410/1440
Finished: 420/1440
Finished: 430/1440
Finished: 440/1440
Finished: 450/1440
Finished: 460/1440
Finished: 470/1440
Finished: 480/1440
Finished: 490/1440
Finished: 500/1440
Finished: 510/1440
Finished: 520/1440
Finished: 530/1440
Finished: 540/1440
Finished: 550/1440
Finished: 560/1440
Finished: 570/1440
Finished: 580/1440
Finished: 590/1440
Finished: 600/1440
Finished: 610/1440
Finished: 620/1440
Finished: 630/1440
Finished: 640/1440
Finished: 650/1440
Finished: 660/1440
Finished: 670/1440
Finished: 680/1440
Finished: 690/1440
Finished: 700/1440
Finished: 710/1440
Finished: 720/1440
Finished: 730/1440
Finished: 740/1440
Finished: 750/1440
Finished: 760/1440
Finished: 770/1440
Finished: 780/1440
Finished: 790/1440
Finished: 800/1440
Finished: 810/1440
Finished: 820/1440
Finished: 830/1440
Finished: 840/1440
Finished: 850/1440
Finished: 860/1440
Finished: 870/1440
Finished: 880/1440
Finished: 890/1440
Finished: 900/1440
Finished: 910/1440
Finished: 920/1440
Finished: 930/1440
Finished: 940/1440
Finished: 950/1440
Finished: 960/1440
Finished: 970/1440
Finished: 980/1440
Finished: 990/1440
Finished: 1000/1440
Finished: 1010/1440
Finished: 1020/1440
Finished: 1030/1440
Finished: 1040/1440
Finished: 1050/1440
Finished: 1060/1440
Finished: 1070/1440
Finished: 1080/1440
Finished: 1090/1440
Finished: 1100/1440
Finished: 1110/1440
Finished: 1120/1440
Finished: 1130/1440
Finished: 1140/1440
Finished: 1150/1440
Finished: 1160/1440
Finished: 1170/1440
Finished: 1180/1440
Finished: 1190/1440
Finished: 1200/1440
Finished: 1210/1440
Finished: 1220/1440
Finished: 1230/1440
Finished: 1240/1440
Finished: 1250/1440
Finished: 1260/1440
Finished: 1270/1440
Finished: 1280/1440
Finished: 1290/1440
Finished: 1300/1440
Finished: 1310/1440
Finished: 1320/1440
Finished: 1330/1440
Finished: 1340/1440
Finished: 1350/1440
Finished: 1360/1440
Finished: 1370/1440
Finished: 1380/1440
Finished: 1390/1440
Finished: 1400/1440
Finished: 1410/1440
Finished: 1420/1440
Finished: 1430/1440
GeMAPS generation completed! Features in ./data/RAV_feature.json.
